TOTNUC=    190
TOTSTATE=     1
BURNUP=    0.000e+00
PARENT_NUCLIDE=  11023      0      1
   102      0 1.280400e-03
PARENT_NUCLIDE=  26054      0      1
   102      0 1.734300e-02
PARENT_NUCLIDE=  26056      0      1
   102      0 7.759100e-03
PARENT_NUCLIDE=  26057      0      1
   102      0 2.528100e-02
PARENT_NUCLIDE=  26058      0      1
   102      0 1.539100e-02
PARENT_NUCLIDE=  28058      0      1
   102      0 2.840300e-02
PARENT_NUCLIDE=  28060      0      1
   102      0 2.271600e-02
PARENT_NUCLIDE=  28061      0      1
   102      0 4.847000e-02
PARENT_NUCLIDE=  28062      0      1
   102      0 3.647000e-02
PARENT_NUCLIDE=  28064      0      1
   102      0 1.567700e-02
PARENT_NUCLIDE=  24050      0      1
   102      0 3.401500e-02
PARENT_NUCLIDE=  24052      0      1
   102      0 6.933100e-03
PARENT_NUCLIDE=  24053      0      1
   102      0 2.856400e-02
PARENT_NUCLIDE=  24054      0      1
   102      0 6.452000e-03
PARENT_NUCLIDE=  25055      0      1
   102      0 3.907100e-02
PARENT_NUCLIDE=  42092      0      1
   102      0 5.509800e-02
PARENT_NUCLIDE=  42094      0      1
   102      0 9.243700e-02
PARENT_NUCLIDE=  42095      0      1
   102      0 3.193200e-01
PARENT_NUCLIDE=  42096      0      1
   102      0 8.751400e-02
PARENT_NUCLIDE=  42097      0      1
   102      0 3.330200e-01
PARENT_NUCLIDE=  42098      0      1
   102      0 9.618900e-02
PARENT_NUCLIDE=  42100      0      1
   102      0 8.865500e-02
PARENT_NUCLIDE=  92234      0      2
    18      0 1.196100e-01
   102      0 4.894000e-01
PARENT_NUCLIDE=  92235      0      2
    18      0 1.923700e+00
   102      0 5.848700e-01
PARENT_NUCLIDE=  92236      0      2
    18      0 2.326700e-02
   102      0 4.604200e-01
PARENT_NUCLIDE=  92238      0      2
    18      0 5.716700e-03
   102      0 2.891400e-01
PARENT_NUCLIDE=  93237      0      2
    18      0 1.170900e-01
   102      0 1.745300e+00
PARENT_NUCLIDE=  94236      0      2
    18      0 2.535200e+00
   102      0 2.683700e-01
PARENT_NUCLIDE=  94238      0      2
    18      0 8.760800e-01
   102      0 7.695500e-01
PARENT_NUCLIDE=  94239      0      2
    18      0 1.701300e+00
   102      0 4.972800e-01
PARENT_NUCLIDE=  94240      0      2
    18      0 1.746400e-01
   102      0 5.598900e-01
PARENT_NUCLIDE=  94241      0      2
    18      0 2.529800e+00
   102      0 4.630900e-01
PARENT_NUCLIDE=  94242      0      2
    18      0 8.594600e-02
   102      0 4.706900e-01
PARENT_NUCLIDE=  95241      0      2
    18      0 7.429300e-02
   102      0 2.014000e+00
PARENT_NUCLIDE=  95242      0      2
    18      0 3.164900e+00
   102      0 4.391100e-01
PARENT_NUCLIDE=  95243      0      2
    18      0 5.023600e-02
   102      0 1.650200e+00
PARENT_NUCLIDE=  96242      0      2
    18      0 3.370700e-02
   102      0 3.156200e-01
PARENT_NUCLIDE=  96243      0      2
    18      0 2.923800e+00
   102      0 6.004500e-01
PARENT_NUCLIDE=  96244      0      2
    18      0 1.736100e-01
   102      0 7.336400e-01
PARENT_NUCLIDE=  96245      0      2
    18      0 2.749800e+00
   102      0 5.808300e-01
PARENT_NUCLIDE=  96246      0      2
    18      0 9.878600e-02
   102      0 5.489400e-01
PARENT_NUCLIDE=  96247      0      2
    18      0 2.585700e+00
   102      0 6.081100e-01
PARENT_NUCLIDE=  96248      0      2
    18      0 1.001900e-01
   102      0 2.520600e-01
PARENT_NUCLIDE=  97249      0      2
    18      0 3.854200e-02
   102      0 1.427200e+00
PARENT_NUCLIDE=  98249      0      2
    18      0 2.681600e+00
   102      0 6.829500e-01
PARENT_NUCLIDE=  98250      0      2
    18      0 8.052100e-01
   102      0 4.264300e-01
PARENT_NUCLIDE=  98251      0      2
    18      0 2.459300e+00
   102      0 3.409300e-01
PARENT_NUCLIDE=  98252      0      2
    18      0 3.697000e-01
   102      0 3.317400e-01
PARENT_NUCLIDE=  40090      0      1
   102      0 1.177800e-02
PARENT_NUCLIDE=  40091      0      1
   102      0 6.128700e-02
PARENT_NUCLIDE=  40092      0      1
   102      0 3.803100e-02
PARENT_NUCLIDE=  40094      0      1
   102      0 2.472700e-02
PARENT_NUCLIDE=  40096      0      1
   102      0 1.644800e-02
PARENT_NUCLIDE=  32073      0      1
   102      0 2.163300e-01
PARENT_NUCLIDE=  32074      0      1
   102      0 3.349900e-02
PARENT_NUCLIDE=  32076      0      1
   102      0 1.660900e-02
PARENT_NUCLIDE=  33075      0      1
   102      0 4.122700e-01
PARENT_NUCLIDE=  34076      0      1
   102      0 9.789000e-02
PARENT_NUCLIDE=  34077      0      1
   102      0 3.724400e-01
PARENT_NUCLIDE=  34078      0      1
   102      0 7.902800e-02
PARENT_NUCLIDE=  34080      0      1
   102      0 4.150200e-02
PARENT_NUCLIDE=  34082      0      1
   102      0 2.377100e-02
PARENT_NUCLIDE=  35079      0      1
   102      0 6.150300e-01
PARENT_NUCLIDE=  36080      0      1
   102      0 2.650800e-01
PARENT_NUCLIDE=  36082      0      1
   102      0 9.636700e-02
PARENT_NUCLIDE=  36086      0      1
   102      0 2.933900e-03
PARENT_NUCLIDE=  37086      0      1
   102      0 3.053000e-01
PARENT_NUCLIDE=  38086      0      1
   102      0 6.910700e-02
PARENT_NUCLIDE=  38088      0      1
   102      0 4.301800e-03
PARENT_NUCLIDE=  41094      0      1
   102      0 2.645700e-01
PARENT_NUCLIDE=  42094      0      1
   102      0 9.245900e-02
PARENT_NUCLIDE=  48108      0      1
   102      0 3.189500e-01
PARENT_NUCLIDE=  48116      0      1
   102      0 8.347500e-02
PARENT_NUCLIDE=  50116      0      1
   102      0 9.160600e-02
PARENT_NUCLIDE=  50119      0      1
   102      0 1.936800e-01
PARENT_NUCLIDE=  50120      0      1
   102      0 3.911700e-02
PARENT_NUCLIDE=  50122      0      1
   102      0 1.426700e-02
PARENT_NUCLIDE=  50124      0      1
   102      0 1.083800e-02
PARENT_NUCLIDE=  50126      0      1
   102      0 8.931400e-03
PARENT_NUCLIDE=  51126      0      1
   102      0 5.884700e-01
PARENT_NUCLIDE=  52122      0      1
   102      0 2.255900e-01
PARENT_NUCLIDE=  52123      0      1
   102      0 6.523400e-01
PARENT_NUCLIDE=  52124      0      1
   102      0 1.275200e-01
PARENT_NUCLIDE=  53130      0      1
   102      0 5.626500e-01
PARENT_NUCLIDE=  54128      0      1
   102      0 2.367900e-01
PARENT_NUCLIDE=  54136      0      1
   102      0 1.011300e-03
PARENT_NUCLIDE=  55136      0      1
   102      0 1.749900e-01
PARENT_NUCLIDE=  56136      0      1
   102      0 6.335900e-02
PARENT_NUCLIDE=  59142      0      1
   102      0 3.449100e-01
PARENT_NUCLIDE=  60142      0      1
   102      0 2.843900e-02
PARENT_NUCLIDE=  64152      0      1
   102      0 9.438000e-01
PARENT_NUCLIDE=  64160      0      1
   102      0 1.489900e-01
PARENT_NUCLIDE=  65160      0      1
   102      0 1.944300e+00
PARENT_NUCLIDE=  66160      0      1
   102      0 7.466200e-01
PARENT_NUCLIDE=  66161      0      1
   102      0 1.681200e+00
PARENT_NUCLIDE=  66162      0      1
   102      0 4.114500e-01
PARENT_NUCLIDE=  66163      0      1
   102      0 9.713100e-01
PARENT_NUCLIDE=  66164      0      1
   102      0 2.026800e-01
PARENT_NUCLIDE=  67165      0      1
   102      0 1.187800e+00
PARENT_NUCLIDE=  68166      0      1
   102      0 5.592700e-01
PARENT_NUCLIDE=  68167      0      1
   102      0 1.331600e+00
PARENT_NUCLIDE=  35081      0      1
   102      0 2.150500e-01
PARENT_NUCLIDE=  36083      0      1
   102      0 2.458500e-01
PARENT_NUCLIDE=  36084      0      1
   102      0 3.344700e-02
PARENT_NUCLIDE=  37085      0      1
   102      0 2.441800e-01
PARENT_NUCLIDE=  37087      0      1
   102      0 2.082100e-02
PARENT_NUCLIDE=  39089      0      1
   102      0 1.246400e-02
PARENT_NUCLIDE=  38090      0      1
   102      0 1.162600e-02
PARENT_NUCLIDE=  40090      0      1
   102      0 1.193900e-02
PARENT_NUCLIDE=  40091      0      1
   102      0 6.152500e-02
PARENT_NUCLIDE=  40092      0      1
   102      0 3.812100e-02
PARENT_NUCLIDE=  40093      0      1
   102      0 9.798100e-02
PARENT_NUCLIDE=  40094      0      1
   102      0 2.473800e-02
PARENT_NUCLIDE=  42095      0      1
   102      0 3.193700e-01
PARENT_NUCLIDE=  40096      0      1
   102      0 1.644800e-02
PARENT_NUCLIDE=  42096      0      1
   102      0 8.754500e-02
PARENT_NUCLIDE=  42097      0      1
   102      0 3.330500e-01
PARENT_NUCLIDE=  42098      0      1
   102      0 9.616000e-02
PARENT_NUCLIDE=  43099      0      1
   102      0 7.079200e-01
PARENT_NUCLIDE=  42100      0      1
   102      0 8.864500e-02
PARENT_NUCLIDE=  44100      0      1
   102      0 1.595200e-01
PARENT_NUCLIDE=  44101      0      1
   102      0 7.804300e-01
PARENT_NUCLIDE=  44102      0      1
   102      0 1.675200e-01
PARENT_NUCLIDE=  45103      0      1
   102      0 6.516800e-01
PARENT_NUCLIDE=  44104      0      1
   102      0 1.616100e-01
PARENT_NUCLIDE=  46104      0      1
   102      0 2.556800e-01
PARENT_NUCLIDE=  46105      0      1
   102      0 9.580000e-01
PARENT_NUCLIDE=  44106      0      1
   102      0 8.899100e-02
PARENT_NUCLIDE=  46106      0      1
   102      0 2.112100e-01
PARENT_NUCLIDE=  46107      0      1
   102      0 1.056000e+00
PARENT_NUCLIDE=  46108      0      1
   102      0 1.960200e-01
PARENT_NUCLIDE=  47109      0      1
   102      0 6.427200e-01
PARENT_NUCLIDE=  46110      0      1
   102      0 1.294300e-01
PARENT_NUCLIDE=  48110      0      1
   102      0 2.121600e-01
PARENT_NUCLIDE=  48111      0      1
   102      0 7.175300e-01
PARENT_NUCLIDE=  48112      0      1
   102      0 2.038300e-01
PARENT_NUCLIDE=  48113      0      1
   102      0 4.969900e-01
PARENT_NUCLIDE=  48114      0      1
   102      0 1.377800e-01
PARENT_NUCLIDE=  49115      0      1
   102      0 6.277200e-01
PARENT_NUCLIDE=  50117      0      1
   102      0 2.422400e-01
PARENT_NUCLIDE=  50118      0      1
   102      0 6.095600e-02
PARENT_NUCLIDE=  51121      0      1
   102      0 4.278700e-01
PARENT_NUCLIDE=  51123      0      1
   102      0 2.813300e-01
PARENT_NUCLIDE=  51125      0      1
   102      0 4.373500e-01
PARENT_NUCLIDE=  52125      0      1
   102      0 3.538700e-01
PARENT_NUCLIDE=  53127      0      1
   102      0 6.091500e-01
PARENT_NUCLIDE=  52128      0      1
   102      0 3.624700e-02
PARENT_NUCLIDE=  53129      0      1
   102      0 3.640400e-01
PARENT_NUCLIDE=  52130      0      1
   102      0 1.161000e-02
PARENT_NUCLIDE=  54130      0      1
   102      0 1.405900e-01
PARENT_NUCLIDE=  54131      0      1
   102      0 2.707100e-01
PARENT_NUCLIDE=  54132      0      1
   102      0 4.323800e-02
PARENT_NUCLIDE=  55133      0      1
   102      0 4.596300e-01
PARENT_NUCLIDE=  54134      0      1
   102      0 1.897800e-02
PARENT_NUCLIDE=  55134      0      1
   102      0 1.027900e+00
PARENT_NUCLIDE=  56134      0      1
   102      0 1.972000e-01
PARENT_NUCLIDE=  54135      0      1
   102      0 6.178800e-02
PARENT_NUCLIDE=  55135      0      1
   102      0 1.919900e-01
PARENT_NUCLIDE=  55137      0      1
   102      0 1.717000e-02
PARENT_NUCLIDE=  56137      0      1
   102      0 5.439900e-02
PARENT_NUCLIDE=  56138      0      1
   102      0 4.525900e-03
PARENT_NUCLIDE=  57139      0      1
   102      0 3.143600e-02
PARENT_NUCLIDE=  58140      0      1
   102      0 6.333800e-03
PARENT_NUCLIDE=  59141      0      1
   102      0 1.129300e-01
PARENT_NUCLIDE=  58142      0      1
   102      0 2.082700e-02
PARENT_NUCLIDE=  60143      0      1
   102      0 2.511000e-01
PARENT_NUCLIDE=  60144      0      1
   102      0 7.103300e-02
PARENT_NUCLIDE=  60145      0      1
   102      0 4.124800e-01
PARENT_NUCLIDE=  60146      0      1
   102      0 1.075700e-01
PARENT_NUCLIDE=  61147      0      1
   102      0 1.037100e+00
PARENT_NUCLIDE=  62147      0      1
   102      0 9.584500e-01
PARENT_NUCLIDE=  60148      0      1
   102      0 1.273300e-01
PARENT_NUCLIDE=  62148      0      1
   102      0 2.375700e-01
PARENT_NUCLIDE=  62149      0      1
   102      0 1.805600e+00
PARENT_NUCLIDE=  60150      0      1
   102      0 1.418000e-01
PARENT_NUCLIDE=  62150      0      1
   102      0 3.965400e-01
PARENT_NUCLIDE=  62151      0      1
   102      0 2.640700e+00
PARENT_NUCLIDE=  63151      0      1
   102      0 3.292400e+00
PARENT_NUCLIDE=  62152      0      1
   102      0 4.104100e-01
PARENT_NUCLIDE=  63152      0      1
   102      0 3.928200e+00
PARENT_NUCLIDE=  63153      0      1
   102      0 2.215800e+00
PARENT_NUCLIDE=  62154      0      1
   102      0 2.410700e-01
PARENT_NUCLIDE=  63154      0      1
   102      0 2.981800e+00
PARENT_NUCLIDE=  64154      0      1
   102      0 8.861900e-01
PARENT_NUCLIDE=  63155      0      1
   102      0 1.111700e+00
PARENT_NUCLIDE=  64155      0      1
   102      0 2.252800e+00
PARENT_NUCLIDE=  64156      0      1
   102      0 5.446600e-01
PARENT_NUCLIDE=  64157      0      1
   102      0 1.246100e+00
PARENT_NUCLIDE=  64158      0      1
   102      0 2.835800e-01
PARENT_NUCLIDE=  65159      0      1
   102      0 1.747700e+00

