PARENT_NUCLIDE=  11023      0      1
   101      0 6.540200e-04
PARENT_NUCLIDE=  26054      0      1
   101      0 1.030800e-02
PARENT_NUCLIDE=  26056      0      1
   101      0 5.249100e-03
PARENT_NUCLIDE=  26057      0      1
   101      0 9.497600e-03
PARENT_NUCLIDE=  26058      0      1
   101      0 7.722400e-03
PARENT_NUCLIDE=  28058      0      1
   101      0 1.913000e-02
PARENT_NUCLIDE=  28060      0      1
   101      0 1.276500e-02
PARENT_NUCLIDE=  28061      0      1
   101      0 2.318800e-02
PARENT_NUCLIDE=  28062      0      1
   101      0 2.102600e-02
PARENT_NUCLIDE=  28064      0      1
   101      0 9.925400e-03
PARENT_NUCLIDE=  24050      0      1
   101      0 1.529800e-02
PARENT_NUCLIDE=  24052      0      1
   101      0 4.408100e-03
PARENT_NUCLIDE=  24053      0      1
   101      0 1.043400e-02
PARENT_NUCLIDE=  24054      0      1
   101      0 4.319600e-03
PARENT_NUCLIDE=  25055      0      1
   101      0 1.229400e-02
PARENT_NUCLIDE=  42092      0      1
   101      0 3.727700e-02
PARENT_NUCLIDE=  42094      0      1
   101      0 6.096600e-02
PARENT_NUCLIDE=  42095      0      1
   101      0 1.606500e-01
PARENT_NUCLIDE=  42096      0      1
   101      0 5.367000e-02
PARENT_NUCLIDE=  42097      0      1
   101      0 1.602200e-01
PARENT_NUCLIDE=  42098      0      1
   101      0 5.269400e-02
PARENT_NUCLIDE=  42100      0      1
   101      0 4.394800e-02
PARENT_NUCLIDE=  92234      0      2
    18      0 3.954100e-01
   101      0 2.602100e-01
PARENT_NUCLIDE=  92235      0      2
    18      0 1.449200e+00
   101      0 3.164200e-01
PARENT_NUCLIDE=  92236      0      2
    18      0 1.164600e-01
   101      0 2.549900e-01
PARENT_NUCLIDE=  92238      0      2
    18      0 4.840100e-02
   101      0 1.726700e-01
PARENT_NUCLIDE=  93237      0      2
    18      0 4.182200e-01
   101      0 9.034500e-01
PARENT_NUCLIDE=  94236      0      2
    18      0 2.060300e+00
   101      0 1.651500e-01
PARENT_NUCLIDE=  94238      0      2
    18      0 1.151900e+00
   101      0 4.377300e-01
PARENT_NUCLIDE=  94239      0      2
    18      0 1.615200e+00
   101      0 2.201100e-01
PARENT_NUCLIDE=  94240      0      2
    18      0 4.493100e-01
   101      0 2.852700e-01
PARENT_NUCLIDE=  94241      0      2
    18      0 1.940100e+00
   101      0 2.544900e-01
PARENT_NUCLIDE=  94242      0      2
    18      0 3.268200e-01
   101      0 2.388100e-01
PARENT_NUCLIDE=  95241      0      2
    18      0 3.272900e-01
   101      0 1.126500e+00
PARENT_NUCLIDE=  95242      0      2
    18      0 2.466400e+00
   101      0 2.132600e-01
PARENT_NUCLIDE=  95243      0      2
    18      0 2.395900e-01
   101      0 8.525400e-01
PARENT_NUCLIDE=  96242      0      2
    18      0 1.941000e-01
   101      0 1.217200e-01
PARENT_NUCLIDE=  96243      0      2
    18      0 2.154900e+00
   101      0 3.289400e-01
PARENT_NUCLIDE=  96244      0      2
    18      0 5.064200e-01
   101      0 4.122500e-01
PARENT_NUCLIDE=  96245      0      2
    18      0 2.101400e+00
   101      0 3.348200e-01
PARENT_NUCLIDE=  96246      0      2
    18      0 3.394500e-01
   101      0 2.899300e-01
PARENT_NUCLIDE=  96247      0      2
    18      0 2.067700e+00
   101      0 3.501100e-01
PARENT_NUCLIDE=  96248      0      2
    18      0 3.671300e-01
   101      0 1.282300e-01
PARENT_NUCLIDE=  97249      0      2
    18      0 1.992400e-01
   101      0 6.795800e-01
PARENT_NUCLIDE=  98249      0      2
    18      0 2.119500e+00
   101      0 5.031300e-01
PARENT_NUCLIDE=  98250      0      2
    18      0 1.347900e+00
   101      0 2.338200e-01
PARENT_NUCLIDE=  98251      0      2
    18      0 2.020600e+00
   101      0 1.950800e-01
PARENT_NUCLIDE=  98252      0      2
    18      0 6.550800e-01
   101      0 1.772800e-01
PARENT_NUCLIDE=  40090      0      1
   101      0 9.015300e-03
PARENT_NUCLIDE=  40091      0      1
   101      0 2.594000e-02
PARENT_NUCLIDE=  40092      0      1
   101      0 2.696700e-02
PARENT_NUCLIDE=  40094      0      1
   101      0 1.772000e-02
PARENT_NUCLIDE=  40096      0      1
   101      0 6.815200e-03
PARENT_NUCLIDE=  32073      0      1
   101      0 7.973900e-02
PARENT_NUCLIDE=  32074      0      1
   101      0 1.972200e-02
PARENT_NUCLIDE=  32076      0      1
   101      0 8.495000e-03
PARENT_NUCLIDE=  33075      0      1
   101      0 1.758500e-01
PARENT_NUCLIDE=  34076      0      1
   101      0 4.743200e-02
PARENT_NUCLIDE=  34077      0      1
   101      0 1.679600e-01
PARENT_NUCLIDE=  34078      0      1
   101      0 4.680800e-02
PARENT_NUCLIDE=  34080      0      1
   101      0 2.058300e-02
PARENT_NUCLIDE=  34082      0      1
   101      0 1.912800e-02
PARENT_NUCLIDE=  35079      0      1
   101      0 2.702300e-01
PARENT_NUCLIDE=  36080      0      1
   101      0 1.483000e-01
PARENT_NUCLIDE=  36082      0      1
   101      0 5.470400e-02
PARENT_NUCLIDE=  36086      0      1
   101      0 1.872700e-03
PARENT_NUCLIDE=  37086      0      1
   101      0 1.414600e-01
PARENT_NUCLIDE=  38086      0      1
   101      0 3.705000e-02
PARENT_NUCLIDE=  38088      0      1
   101      0 2.976600e-03
PARENT_NUCLIDE=  41094      0      1
   101      0 1.029700e-01
PARENT_NUCLIDE=  42094      0      1
   101      0 6.098000e-02
PARENT_NUCLIDE=  48108      0      1
   101      0 2.074000e-01
PARENT_NUCLIDE=  48116      0      1
   101      0 4.658800e-02
PARENT_NUCLIDE=  50116      0      1
   101      0 6.406700e-02
PARENT_NUCLIDE=  50119      0      1
   101      0 9.239600e-02
PARENT_NUCLIDE=  50120      0      1
   101      0 2.404600e-02
PARENT_NUCLIDE=  50122      0      1
   101      0 9.930500e-03
PARENT_NUCLIDE=  50124      0      1
   101      0 6.648200e-03
PARENT_NUCLIDE=  50126      0      1
   101      0 6.572500e-03
PARENT_NUCLIDE=  51126      0      1
   101      0 2.847900e-01
PARENT_NUCLIDE=  52122      0      1
   101      0 1.486100e-01
PARENT_NUCLIDE=  52123      0      1
   101      0 3.694400e-01
PARENT_NUCLIDE=  52124      0      1
   101      0 8.317600e-02
PARENT_NUCLIDE=  53130      0      1
   101      0 2.654400e-01
PARENT_NUCLIDE=  54128      0      1
   101      0 1.593900e-01
PARENT_NUCLIDE=  54136      0      1
   101      0 8.428600e-04
PARENT_NUCLIDE=  55136      0      1
   101      0 7.878700e-02
PARENT_NUCLIDE=  56136      0      1
   101      0 4.528500e-02
PARENT_NUCLIDE=  59142      0      1
   101      0 1.170800e-01
PARENT_NUCLIDE=  60142      0      1
   101      0 2.157400e-02
PARENT_NUCLIDE=  64152      0      1
   101      0 5.643700e-01
PARENT_NUCLIDE=  64160      0      1
   101      0 6.760700e-02
PARENT_NUCLIDE=  65160      0      1
   101      0 7.845300e-01
PARENT_NUCLIDE=  66160      0      1
   101      0 4.005600e-01
PARENT_NUCLIDE=  66161      0      1
   101      0 7.013400e-01
PARENT_NUCLIDE=  66162      0      1
   101      0 1.950100e-01
PARENT_NUCLIDE=  66163      0      1
   101      0 4.112800e-01
PARENT_NUCLIDE=  66164      0      1
   101      0 8.614400e-02
PARENT_NUCLIDE=  67165      0      1
   101      0 5.473400e-01
PARENT_NUCLIDE=  68166      0      1
   101      0 2.787200e-01
PARENT_NUCLIDE=  68167      0      1
   101      0 6.112300e-01
PARENT_NUCLIDE=  35081      0      1
   101      0 9.491100e-02
PARENT_NUCLIDE=  36083      0      1
   101      0 1.061800e-01
PARENT_NUCLIDE=  36084      0      1
   101      0 1.806700e-02
PARENT_NUCLIDE=  37085      0      1
   101      0 1.114300e-01
PARENT_NUCLIDE=  37087      0      1
   101      0 9.841000e-03
PARENT_NUCLIDE=  39089      0      1
   101      0 7.207500e-03
PARENT_NUCLIDE=  38090      0      1
   101      0 8.399700e-03
PARENT_NUCLIDE=  40090      0      1
   101      0 9.131800e-03
PARENT_NUCLIDE=  40091      0      1
   101      0 2.602500e-02
PARENT_NUCLIDE=  40092      0      1
   101      0 2.701900e-02
PARENT_NUCLIDE=  40093      0      1
   101      0 4.178100e-02
PARENT_NUCLIDE=  40094      0      1
   101      0 1.772600e-02
PARENT_NUCLIDE=  42095      0      1
   101      0 1.606700e-01
PARENT_NUCLIDE=  40096      0      1
   101      0 6.815200e-03
PARENT_NUCLIDE=  42096      0      1
   101      0 5.369000e-02
PARENT_NUCLIDE=  42097      0      1
   101      0 1.602300e-01
PARENT_NUCLIDE=  42098      0      1
   101      0 5.270300e-02
PARENT_NUCLIDE=  43099      0      1
   101      0 3.525700e-01
PARENT_NUCLIDE=  42100      0      1
   101      0 4.395000e-02
PARENT_NUCLIDE=  44100      0      1
   101      0 1.030200e-01
PARENT_NUCLIDE=  44101      0      1
   101      0 3.803800e-01
PARENT_NUCLIDE=  44102      0      1
   101      0 9.528200e-02
PARENT_NUCLIDE=  45103      0      1
   101      0 3.298200e-01
PARENT_NUCLIDE=  44104      0      1
   101      0 7.947900e-02
PARENT_NUCLIDE=  46104      0      1
   101      0 1.402000e-01
PARENT_NUCLIDE=  46105      0      1
   101      0 5.003700e-01
PARENT_NUCLIDE=  44106      0      1
   101      0 4.415700e-02
PARENT_NUCLIDE=  46106      0      1
   101      0 1.232100e-01
PARENT_NUCLIDE=  46107      0      1
   101      0 5.489800e-01
PARENT_NUCLIDE=  46108      0      1
   101      0 1.057500e-01
PARENT_NUCLIDE=  47109      0      1
   101      0 3.315400e-01
PARENT_NUCLIDE=  46110      0      1
   101      0 7.273500e-02
PARENT_NUCLIDE=  48110      0      1
   101      0 1.314300e-01
PARENT_NUCLIDE=  48111      0      1
   101      0 3.934300e-01
PARENT_NUCLIDE=  48112      0      1
   101      0 1.286300e-01
PARENT_NUCLIDE=  48113      0      1
   101      0 2.856200e-01
PARENT_NUCLIDE=  48114      0      1
   101      0 7.746300e-02
PARENT_NUCLIDE=  49115      0      1
   101      0 3.667100e-01
PARENT_NUCLIDE=  50117      0      1
   101      0 1.335800e-01
PARENT_NUCLIDE=  50118      0      1
   101      0 4.017300e-02
PARENT_NUCLIDE=  51121      0      1
   101      0 2.395000e-01
PARENT_NUCLIDE=  51123      0      1
   101      0 1.565800e-01
PARENT_NUCLIDE=  51125      0      1
   101      0 2.476800e-01
PARENT_NUCLIDE=  52125      0      1
   101      0 1.750700e-01
PARENT_NUCLIDE=  53127      0      1
   101      0 2.870200e-01
PARENT_NUCLIDE=  52128      0      1
   101      0 2.381000e-02
PARENT_NUCLIDE=  53129      0      1
   101      0 1.913200e-01
PARENT_NUCLIDE=  52130      0      1
   101      0 7.959800e-03
PARENT_NUCLIDE=  54130      0      1
   101      0 8.436200e-02
PARENT_NUCLIDE=  54131      0      1
   101      0 1.246500e-01
PARENT_NUCLIDE=  54132      0      1
   101      0 2.583900e-02
PARENT_NUCLIDE=  55133      0      1
   101      0 2.162400e-01
PARENT_NUCLIDE=  54134      0      1
   101      0 1.439500e-02
PARENT_NUCLIDE=  55134      0      1
   101      0 4.172600e-01
PARENT_NUCLIDE=  56134      0      1
   101      0 1.526400e-01
PARENT_NUCLIDE=  54135      0      1
   101      0 2.961300e-02
PARENT_NUCLIDE=  55135      0      1
   101      0 8.710900e-02
PARENT_NUCLIDE=  55137      0      1
   101      0 9.557000e-03
PARENT_NUCLIDE=  56137      0      1
   101      0 2.992300e-02
PARENT_NUCLIDE=  56138      0      1
   101      0 2.769700e-03
PARENT_NUCLIDE=  57139      0      1
   101      0 1.556200e-02
PARENT_NUCLIDE=  58140      0      1
   101      0 5.406400e-03
PARENT_NUCLIDE=  59141      0      1
   101      0 4.579000e-02
PARENT_NUCLIDE=  58142      0      1
   101      0 1.209400e-02
PARENT_NUCLIDE=  60143      0      1
   101      0 1.106000e-01
PARENT_NUCLIDE=  60144      0      1
   101      0 4.307700e-02
PARENT_NUCLIDE=  60145      0      1
   101      0 1.683200e-01
PARENT_NUCLIDE=  60146      0      1
   101      0 7.052900e-02
PARENT_NUCLIDE=  61147      0      1
   101      0 4.918000e-01
PARENT_NUCLIDE=  62147      0      1
   101      0 4.184300e-01
PARENT_NUCLIDE=  60148      0      1
   101      0 7.077300e-02
PARENT_NUCLIDE=  62148      0      1
   101      0 1.411400e-01
PARENT_NUCLIDE=  62149      0      1
   101      0 8.069600e-01
PARENT_NUCLIDE=  60150      0      1
   101      0 6.947800e-02
PARENT_NUCLIDE=  62150      0      1
   101      0 2.364000e-01
PARENT_NUCLIDE=  62151      0      1
   101      0 9.929300e-01
PARENT_NUCLIDE=  63151      0      1
   101      0 1.483600e+00
PARENT_NUCLIDE=  62152      0      1
   101      0 2.063200e-01
PARENT_NUCLIDE=  63152      0      1
   101      0 1.992100e+00
PARENT_NUCLIDE=  63153      0      1
   101      0 9.904800e-01
PARENT_NUCLIDE=  62154      0      1
   101      0 1.110300e-01
PARENT_NUCLIDE=  63154      0      1
   101      0 1.330400e+00
PARENT_NUCLIDE=  64154      0      1
   101      0 4.580900e-01
PARENT_NUCLIDE=  63155      0      1
   101      0 4.635300e-01
PARENT_NUCLIDE=  64155      0      1
   101      0 1.002300e+00
PARENT_NUCLIDE=  64156      0      1
   101      0 2.742400e-01
PARENT_NUCLIDE=  64157      0      1
   101      0 5.195600e-01
PARENT_NUCLIDE=  64158      0      1
   101      0 1.371500e-01
PARENT_NUCLIDE=  65159      0      1
   101      0 8.228000e-01
